# JRE version: OpenJDK Runtime Environment Temurin-17.0.5+8 (17.0.5+8) (build 17.0.5+8)
# Java VM: OpenJDK 64-Bit Server VM Temurin-17.0.5+8 (17.0.5+8, mixed mode, tiered, compressed oops, compressed class ptrs, g1 gc, windows-amd64)
GC Precious Log:
 CPUs: 4 total, 4 available
 Memory: 12197M
 Large Page Support: Disabled
 NUMA Support: Disabled
 Compressed Oops: Enabled (32-bit)
 Heap Region Size: 1M
 Heap Min Capacity: 256M
 Heap Initial Capacity: 256M
 Heap Max Capacity: 2G
 Pre-touch: Disabled
 Parallel Workers: 4
 Concurrent Workers: 1
 Concurrent Refinement Workers: 4
 Periodic GC: Disabled
 String Deduplication is enabled
Heap:
 garbage-first heap   total 378880K, used 189022K [0x0000000080000000, 0x0000000100000000)
  region size 1024K, 11 young (11264K), 6 survivors (6144K)
 Metaspace       used 168648K, committed 172352K, reserved 1204224K
  class space    used 19197K, committed 20672K, reserved 1048576K
GC Heap History (20 events):
Event: 1449.134 GC heap before
{Heap before GC invocations=56 (full 0):
 garbage-first heap   total 378880K, used 281874K [0x0000000080000000, 0x0000000100000000)
  region size 1024K, 127 young (130048K), 3 survivors (3072K)
 Metaspace       used 161458K, committed 165248K, reserved 1196032K
  class space    used 18344K, committed 19840K, reserved 1048576K
}
Event: 1449.168 GC heap after
{Heap after GC invocations=57 (full 0):
 garbage-first heap   total 378880K, used 169932K [0x0000000080000000, 0x0000000100000000)
  region size 1024K, 16 young (16384K), 16 survivors (16384K)
 Metaspace       used 161458K, committed 165248K, reserved 1196032K
  class space    used 18344K, committed 19840K, reserved 1048576K
}
Event: 1590.443 GC heap before
{Heap before GC invocations=57 (full 0):
 garbage-first heap   total 378880K, used 285644K [0x0000000080000000, 0x0000000100000000)
  region size 1024K, 129 young (132096K), 16 survivors (16384K)
 Metaspace       used 161921K, committed 165568K, reserved 1196032K
  class space    used 18371K, committed 19840K, reserved 1048576K
}
Event: 1590.472 GC heap after
{Heap after GC invocations=58 (full 0):
 garbage-first heap   total 378880K, used 178396K [0x0000000080000000, 0x0000000100000000)
  region size 1024K, 12 young (12288K), 12 survivors (12288K)
 Metaspace       used 161921K, committed 165568K, reserved 1196032K
  class space    used 18371K, committed 19840K, reserved 1048576K
}
Event: 1655.314 GC heap before
{Heap before GC invocations=58 (full 0):
 garbage-first heap   total 378880K, used 288988K [0x0000000080000000, 0x0000000100000000)
  region size 1024K, 121 young (123904K), 12 survivors (12288K)
 Metaspace       used 162063K, committed 165760K, reserved 1196032K
  class space    used 18372K, committed 19840K, reserved 1048576K
}
Event: 1655.328 GC heap after
{Heap after GC invocations=59 (full 0):
 garbage-first heap   total 378880K, used 173056K [0x0000000080000000, 0x0000000100000000)
  region size 1024K, 5 young (5120K), 5 survivors (5120K)
 Metaspace       used 162063K, committed 165760K, reserved 1196032K
  class space    used 18372K, committed 19840K, reserved 1048576K
}
Event: 1769.973 GC heap before
{Heap before GC invocations=60 (full 0):
 garbage-first heap   total 378880K, used 286720K [0x0000000080000000, 0x0000000100000000)
  region size 1024K, 124 young (126976K), 5 survivors (5120K)
 Metaspace       used 162435K, committed 166144K, reserved 1196032K
  class space    used 18390K, committed 19904K, reserved 1048576K
}
Event: 1769.987 GC heap after
{Heap after GC invocations=61 (full 0):
 garbage-first heap   total 378880K, used 168448K [0x0000000080000000, 0x0000000100000000)
  region size 1024K, 7 young (7168K), 7 survivors (7168K)
 Metaspace       used 162435K, committed 166144K, reserved 1196032K
  class space    used 18390K, committed 19904K, reserved 1048576K
}
Event: 1770.135 GC heap before
{Heap before GC invocations=61 (full 0):
 garbage-first heap   total 378880K, used 180736K [0x0000000080000000, 0x0000000100000000)
  region size 1024K, 18 young (18432K), 7 survivors (7168K)
 Metaspace       used 162435K, committed 166144K, reserved 1196032K
  class space    used 18390K, committed 19904K, reserved 1048576K
}
Event: 1770.151 GC heap after
{Heap after GC invocations=62 (full 0):
 garbage-first heap   total 378880K, used 148986K [0x0000000080000000, 0x0000000100000000)
  region size 1024K, 2 young (2048K), 2 survivors (2048K)
 Metaspace       used 162435K, committed 166144K, reserved 1196032K
  class space    used 18390K, committed 19904K, reserved 1048576K
}
Event: 1844.794 GC heap before
{Heap before GC invocations=62 (full 0):
 garbage-first heap   total 378880K, used 294394K [0x0000000080000000, 0x0000000100000000)
  region size 1024K, 140 young (143360K), 2 survivors (2048K)
 Metaspace       used 162979K, committed 166656K, reserved 1204224K
  class space    used 18445K, committed 19968K, reserved 1048576K
}
Event: 1844.821 GC heap after
{Heap after GC invocations=63 (full 0):
 garbage-first heap   total 378880K, used 168763K [0x0000000080000000, 0x0000000100000000)
  region size 1024K, 18 young (18432K), 18 survivors (18432K)
 Metaspace       used 162979K, committed 166656K, reserved 1204224K
  class space    used 18445K, committed 19968K, reserved 1048576K
}
Event: 1957.266 GC heap before
{Heap before GC invocations=63 (full 0):
 garbage-first heap   total 378880K, used 226107K [0x0000000080000000, 0x0000000100000000)
  region size 1024K, 75 young (76800K), 18 survivors (18432K)
 Metaspace       used 163062K, committed 166784K, reserved 1204224K
  class space    used 18445K, committed 19968K, reserved 1048576K
}
Event: 1957.292 GC heap after
{Heap after GC invocations=64 (full 0):
 garbage-first heap   total 378880K, used 168937K [0x0000000080000000, 0x0000000100000000)
  region size 1024K, 4 young (4096K), 4 survivors (4096K)
 Metaspace       used 163062K, committed 166784K, reserved 1204224K
  class space    used 18445K, committed 19968K, reserved 1048576K
}
Event: 3105.492 GC heap before
{Heap before GC invocations=65 (full 0):
 garbage-first heap   total 378880K, used 307177K [0x0000000080000000, 0x0000000100000000)
  region size 1024K, 131 young (134144K), 4 survivors (4096K)
 Metaspace       used 166116K, committed 169920K, reserved 1204224K
  class space    used 18865K, committed 20416K, reserved 1048576K
}
Event: 3105.516 GC heap after
{Heap after GC invocations=66 (full 0):
 garbage-first heap   total 378880K, used 189440K [0x0000000080000000, 0x0000000100000000)
  region size 1024K, 17 young (17408K), 17 survivors (17408K)
 Metaspace       used 166116K, committed 169920K, reserved 1204224K
  class space    used 18865K, committed 20416K, reserved 1048576K
}
Event: 3105.527 GC heap before
{Heap before GC invocations=66 (full 0):
 garbage-first heap   total 378880K, used 190464K [0x0000000080000000, 0x0000000100000000)
  region size 1024K, 18 young (18432K), 17 survivors (17408K)
 Metaspace       used 166127K, committed 169920K, reserved 1204224K
  class space    used 18865K, committed 20416K, reserved 1048576K
}
Event: 3105.556 GC heap after
{Heap after GC invocations=67 (full 0):
 garbage-first heap   total 378880K, used 180114K [0x0000000080000000, 0x0000000100000000)
  region size 1024K, 2 young (2048K), 2 survivors (2048K)
 Metaspace       used 166127K, committed 169920K, reserved 1204224K
  class space    used 18865K, committed 20416K, reserved 1048576K
}
Event: 3133.663 GC heap before
{Heap before GC invocations=67 (full 0):
 garbage-first heap   total 378880K, used 227218K [0x0000000080000000, 0x0000000100000000)
  region size 1024K, 49 young (50176K), 2 survivors (2048K)
 Metaspace       used 168623K, committed 172352K, reserved 1204224K
  class space    used 19196K, committed 20672K, reserved 1048576K
}
Event: 3133.673 GC heap after
{Heap after GC invocations=68 (full 0):
 garbage-first heap   total 378880K, used 183902K [0x0000000080000000, 0x0000000100000000)
  region size 1024K, 6 young (6144K), 6 survivors (6144K)
 Metaspace       used 168623K, committed 172352K, reserved 1204224K
  class space    used 19196K, committed 20672K, reserved 1048576K
}

